{
  "stats": {
    "suites": 1,
    "tests": 10,
    "passes": 10,
    "pending": 0,
    "failures": 0,
    "start": "2024-10-29T18:26:55.938Z",
    "end": "2024-10-29T18:27:04.199Z",
    "duration": 8261,
    "testsRegistered": 10,
    "passPercent": 100,
    "pendingPercent": 0,
    "other": 0,
    "hasOther": false,
    "skipped": 0,
    "hasSkipped": false
  },
  "results": [
    {
      "uuid": "b305d497-56f4-4191-98f0-93c238f54d14",
      "title": "",
      "fullFile": "cypress\\e2e\\index.spec.cy.ts",
      "file": "cypress\\e2e\\index.spec.cy.ts",
      "beforeHooks": [],
      "afterHooks": [],
      "tests": [],
      "suites": [
        {
          "uuid": "2bea8a7e-df67-4199-83a7-9227c639769f",
          "title": "Calculator Tests",
          "fullFile": "",
          "file": "",
          "beforeHooks": [],
          "afterHooks": [],
          "tests": [
            {
              "title": "should have the title \"Calculator App\"",
              "fullTitle": "Calculator Tests should have the title \"Calculator App\"",
              "timedOut": null,
              "duration": 803,
              "state": "passed",
              "speed": "fast",
              "pass": true,
              "fail": false,
              "pending": false,
              "context": null,
              "code": "cy.get('title').should('have.text', 'Calculator App');",
              "err": {},
              "uuid": "d72811e4-f6f8-4a1f-8321-c3e464d98421",
              "parentUUID": "2bea8a7e-df67-4199-83a7-9227c639769f",
              "isHook": false,
              "skipped": false
            },
            {
              "title": "should display 2 when \"1 + 1 = \" is clicked",
              "fullTitle": "Calculator Tests should display 2 when \"1 + 1 = \" is clicked",
              "timedOut": null,
              "duration": 678,
              "state": "passed",
              "speed": "fast",
              "pass": true,
              "fail": false,
              "pending": false,
              "context": null,
              "code": "// Assemble\ncy.get('.key-1').click();\ncy.get('.key-add').click();\ncy.get('.key-1').click();\n// Act\ncy.get('.key-equals').click();\n// Assert\ncy.get('.calculator-display').should('have.text', '2');",
              "err": {},
              "uuid": "70c921b4-8f84-4753-8fc7-22c48c4e5469",
              "parentUUID": "2bea8a7e-df67-4199-83a7-9227c639769f",
              "isHook": false,
              "skipped": false
            },
            {
              "title": "should display 2 when \"3 - 1 = \" is clicked",
              "fullTitle": "Calculator Tests should display 2 when \"3 - 1 = \" is clicked",
              "timedOut": null,
              "duration": 648,
              "state": "passed",
              "speed": "fast",
              "pass": true,
              "fail": false,
              "pending": false,
              "context": null,
              "code": "// Assemble\ncy.get('.key-3').click();\ncy.get('.key-subtract').click();\ncy.get('.key-1').click();\n// Act\ncy.get('.key-equals').click();\n// Assert\ncy.get('.calculator-display').should('have.text', '2');",
              "err": {},
              "uuid": "40c97b03-38a6-4d3d-a4fa-042ad7ea71a8",
              "parentUUID": "2bea8a7e-df67-4199-83a7-9227c639769f",
              "isHook": false,
              "skipped": false
            },
            {
              "title": "should display 6 when \"2 * 3 = \" is clicked",
              "fullTitle": "Calculator Tests should display 6 when \"2 * 3 = \" is clicked",
              "timedOut": null,
              "duration": 578,
              "state": "passed",
              "speed": "fast",
              "pass": true,
              "fail": false,
              "pending": false,
              "context": null,
              "code": "// Assemble\ncy.get('.key-2').click();\ncy.get('.key-multiply').click();\ncy.get('.key-3').click();\n// Act\ncy.get('.key-equals').click();\n// Assert\ncy.get('.calculator-display').should('have.text', '6');",
              "err": {},
              "uuid": "0544139e-9283-422c-ad58-c18e07992c84",
              "parentUUID": "2bea8a7e-df67-4199-83a7-9227c639769f",
              "isHook": false,
              "skipped": false
            },
            {
              "title": "should display 2 when \"10 / 5 = \" is clicked",
              "fullTitle": "Calculator Tests should display 2 when \"10 / 5 = \" is clicked",
              "timedOut": null,
              "duration": 660,
              "state": "passed",
              "speed": "fast",
              "pass": true,
              "fail": false,
              "pending": false,
              "context": null,
              "code": "// Assemble\ncy.get('.key-1').click();\ncy.get('.key-0').click();\ncy.get('.key-divide').click();\ncy.get('.key-5').click();\n// Act\ncy.get('.key-equals').click();\n// Assert\ncy.get('.calculator-display').should('have.text', '2');",
              "err": {},
              "uuid": "97872fcb-8917-452b-8956-3f9cddfa5888",
              "parentUUID": "2bea8a7e-df67-4199-83a7-9227c639769f",
              "isHook": false,
              "skipped": false
            },
            {
              "title": "should display Infinity when \"3 / 0 = \" is clicked",
              "fullTitle": "Calculator Tests should display Infinity when \"3 / 0 = \" is clicked",
              "timedOut": null,
              "duration": 547,
              "state": "passed",
              "speed": "fast",
              "pass": true,
              "fail": false,
              "pending": false,
              "context": null,
              "code": "// Assemble\ncy.get('.key-3').click();\ncy.get('.key-divide').click();\ncy.get('.key-0').click();\n// Act\ncy.get('.key-equals').click();\n// Assert\ncy.get('.calculator-display').should('have.text', 'Infinity');",
              "err": {},
              "uuid": "ab3a30cd-c46e-440a-9920-3f359b540b8b",
              "parentUUID": "2bea8a7e-df67-4199-83a7-9227c639769f",
              "isHook": false,
              "skipped": false
            },
            {
              "title": "should display 0 when \"C\" is clicked",
              "fullTitle": "Calculator Tests should display 0 when \"C\" is clicked",
              "timedOut": null,
              "duration": 442,
              "state": "passed",
              "speed": "fast",
              "pass": true,
              "fail": false,
              "pending": false,
              "context": null,
              "code": "// Assemble\ncy.get('.key-2').click();\ncy.get('.key-multiply').click();\ncy.get('.key-3').click();\n// Act\ncy.get('.key-clear').click();\n// Assert\ncy.get('.calculator-display').should('have.text', '0');",
              "err": {},
              "uuid": "ba24401a-48ae-4e00-b493-ad5c043dff00",
              "parentUUID": "2bea8a7e-df67-4199-83a7-9227c639769f",
              "isHook": false,
              "skipped": false
            },
            {
              "title": "should display 3.5 when \"2.5 + 1 =\" is clicked",
              "fullTitle": "Calculator Tests should display 3.5 when \"2.5 + 1 =\" is clicked",
              "timedOut": null,
              "duration": 645,
              "state": "passed",
              "speed": "fast",
              "pass": true,
              "fail": false,
              "pending": false,
              "context": null,
              "code": "// Assemble\ncy.get('.key-2').click();\ncy.get('.key-dot').click();\ncy.get('.key-5').click();\ncy.get('.key-add').click();\ncy.get('.key-1').click();\n// Act\ncy.get('.key-equals').click();\n// Assert\ncy.get('.calculator-display').should('have.text', '3.5');",
              "err": {},
              "uuid": "dc0fae2f-ff34-469e-876f-341ab4746960",
              "parentUUID": "2bea8a7e-df67-4199-83a7-9227c639769f",
              "isHook": false,
              "skipped": false
            },
            {
              "title": "should display 2 when \"1 + 2 / 2 =\" is clicked",
              "fullTitle": "Calculator Tests should display 2 when \"1 + 2 / 2 =\" is clicked",
              "timedOut": null,
              "duration": 624,
              "state": "passed",
              "speed": "fast",
              "pass": true,
              "fail": false,
              "pending": false,
              "context": null,
              "code": "// Assemble\ncy.get('.key-1').click();\ncy.get('.key-add').click();\ncy.get('.key-2').click();\ncy.get('.key-divide').click();\ncy.get('.key-2').click();\n// Act\ncy.get('.key-equals').click();\n// Assert\ncy.get('.calculator-display').should('have.text', '2');",
              "err": {},
              "uuid": "78d47f62-f31a-4070-93fd-aadfa202f09c",
              "parentUUID": "2bea8a7e-df67-4199-83a7-9227c639769f",
              "isHook": false,
              "skipped": false
            },
            {
              "title": "should display -6 when \"-2 * 3 =\" is clicked",
              "fullTitle": "Calculator Tests should display -6 when \"-2 * 3 =\" is clicked",
              "timedOut": null,
              "duration": 553,
              "state": "passed",
              "speed": "fast",
              "pass": true,
              "fail": false,
              "pending": false,
              "context": null,
              "code": "// Assemble\ncy.get('.key-subtract').click();\ncy.get('.key-2').click();\ncy.get('.key-multiply').click();\ncy.get('.key-3').click();\n// Act\ncy.get('.key-equals').click();\n// Assert\ncy.get('.calculator-display').should('have.text', '-6');",
              "err": {},
              "uuid": "2a042ca9-64d1-4329-96b4-f761a2f0f84d",
              "parentUUID": "2bea8a7e-df67-4199-83a7-9227c639769f",
              "isHook": false,
              "skipped": false
            }
          ],
          "suites": [],
          "passes": [
            "d72811e4-f6f8-4a1f-8321-c3e464d98421",
            "70c921b4-8f84-4753-8fc7-22c48c4e5469",
            "40c97b03-38a6-4d3d-a4fa-042ad7ea71a8",
            "0544139e-9283-422c-ad58-c18e07992c84",
            "97872fcb-8917-452b-8956-3f9cddfa5888",
            "ab3a30cd-c46e-440a-9920-3f359b540b8b",
            "ba24401a-48ae-4e00-b493-ad5c043dff00",
            "dc0fae2f-ff34-469e-876f-341ab4746960",
            "78d47f62-f31a-4070-93fd-aadfa202f09c",
            "2a042ca9-64d1-4329-96b4-f761a2f0f84d"
          ],
          "failures": [],
          "pending": [],
          "skipped": [],
          "duration": 6178,
          "root": false,
          "rootEmpty": false,
          "_timeout": 2000
        }
      ],
      "passes": [],
      "failures": [],
      "pending": [],
      "skipped": [],
      "duration": 0,
      "root": true,
      "rootEmpty": true,
      "_timeout": 2000
    }
  ],
  "meta": {
    "mocha": {
      "version": "7.0.1"
    },
    "mochawesome": {
      "options": {
        "quiet": false,
        "reportFilename": "mochawesome",
        "saveHtml": true,
        "saveJson": true,
        "consoleReporter": "spec",
        "useInlineDiffs": false,
        "code": true
      },
      "version": "7.1.3"
    },
    "marge": {
      "options": {
        "reportDir": "cypress/results",
        "overwrite": true,
        "html": true,
        "json": true
      },
      "version": "6.2.0"
    }
  }
}